	Fri Jul 02 22:54:04 CST 2021	USERS: Se eliminaron: 2 usuarios por que estaba repetido
	Fri Jul 02 22:54:04 CST 2021	PRODUCTS: Se eliminaron: 0 productos por que estaba repetido
	Fri Jul 02 22:54:04 CST 2021	CLIENTS: Se eliminaron: 1 clientes por que estaba repetido
	Fri Jul 02 22:54:04 CST 2021	INVOICES: Se eliminaron: 0 facturas por que estaba repetido
	Fri Jul 02 22:54:09 CST 2021	Inicio de sesión exitoso
	Fri Jul 02 22:59:22 CST 2021	USERS: Se eliminaron: 2 usuarios por que estaba repetido
	Fri Jul 02 22:59:22 CST 2021	PRODUCTS: Se eliminaron: 0 productos por que estaba repetido
	Fri Jul 02 22:59:22 CST 2021	CLIENTS: Se eliminaron: 1 clientes por que estaba repetido
	Fri Jul 02 22:59:22 CST 2021	INVOICES: Se eliminaron: 0 facturas por que estaba repetido
	Fri Jul 02 22:59:28 CST 2021	Inicio de sesión exitoso
	Fri Jul 02 23:09:24 CST 2021	USERS: Se eliminaron: 2 usuarios por que estaba repetido
	Fri Jul 02 23:09:24 CST 2021	PRODUCTS: Se eliminaron: 0 productos por que estaba repetido
	Fri Jul 02 23:09:24 CST 2021	CLIENTS: Se eliminaron: 1 clientes por que estaba repetido
	Fri Jul 02 23:09:24 CST 2021	INVOICES: Se eliminaron: 0 facturas por que estaba repetido
	Fri Jul 02 23:09:29 CST 2021	Inicio de sesión exitoso
	Fri Jul 02 23:11:23 CST 2021	USERS: Se eliminaron: 2 usuarios por que estaba repetido
	Fri Jul 02 23:11:23 CST 2021	PRODUCTS: Se eliminaron: 0 productos por que estaba repetido
	Fri Jul 02 23:11:23 CST 2021	CLIENTS: Se eliminaron: 1 clientes por que estaba repetido
	Fri Jul 02 23:11:23 CST 2021	INVOICES: Se eliminaron: 0 facturas por que estaba repetido
	Fri Jul 02 23:11:28 CST 2021	Inicio de sesión exitoso
	Fri Jul 02 23:13:54 CST 2021	USERS: Se eliminaron: 2 usuarios por que estaba repetido
	Fri Jul 02 23:13:54 CST 2021	PRODUCTS: Se eliminaron: 0 productos por que estaba repetido
	Fri Jul 02 23:13:54 CST 2021	CLIENTS: Se eliminaron: 1 clientes por que estaba repetido
	Fri Jul 02 23:13:54 CST 2021	INVOICES: Se eliminaron: 0 facturas por que estaba repetido
	Fri Jul 02 23:13:59 CST 2021	Inicio de sesión exitoso
	Fri Jul 02 23:24:05 CST 2021	USERS: Se eliminaron: 2 usuarios por que estaba repetido
	Fri Jul 02 23:24:05 CST 2021	PRODUCTS: Se eliminaron: 0 productos por que estaba repetido
	Fri Jul 02 23:24:05 CST 2021	CLIENTS: Se eliminaron: 1 clientes por que estaba repetido
	Fri Jul 02 23:24:05 CST 2021	INVOICES: Se eliminaron: 0 facturas por que estaba repetido
	Fri Jul 02 23:24:10 CST 2021	Inicio de sesión exitoso
	Fri Jul 02 23:26:45 CST 2021	USERS: Se eliminaron: 2 usuarios por que estaba repetido
	Fri Jul 02 23:26:45 CST 2021	PRODUCTS: Se eliminaron: 0 productos por que estaba repetido
	Fri Jul 02 23:26:45 CST 2021	CLIENTS: Se eliminaron: 1 clientes por que estaba repetido
	Fri Jul 02 23:26:45 CST 2021	INVOICES: Se eliminaron: 0 facturas por que estaba repetido
	Fri Jul 02 23:26:50 CST 2021	Inicio de sesión exitoso
	Fri Jul 02 23:44:54 CST 2021	USERS: Se eliminaron: 2 usuarios por que estaba repetido
	Fri Jul 02 23:44:54 CST 2021	PRODUCTS: Se eliminaron: 0 productos por que estaba repetido
	Fri Jul 02 23:44:54 CST 2021	CLIENTS: Se eliminaron: 1 clientes por que estaba repetido
	Fri Jul 02 23:44:54 CST 2021	INVOICES: Se eliminaron: 0 facturas por que estaba repetido
	Fri Jul 02 23:44:59 CST 2021	Inicio de sesión exitoso
	Fri Jul 02 23:46:45 CST 2021	USERS: Se eliminaron: 2 usuarios por que estaba repetido
	Fri Jul 02 23:46:46 CST 2021	PRODUCTS: Se eliminaron: 0 productos por que estaba repetido
	Fri Jul 02 23:46:46 CST 2021	CLIENTS: Se eliminaron: 1 clientes por que estaba repetido
	Fri Jul 02 23:46:46 CST 2021	INVOICES: Se eliminaron: 0 facturas por que estaba repetido
	Fri Jul 02 23:46:50 CST 2021	Inicio de sesión exitoso
	Fri Jul 02 23:47:32 CST 2021	USERS: Se eliminaron: 2 usuarios por que estaba repetido
	Fri Jul 02 23:47:32 CST 2021	PRODUCTS: Se eliminaron: 0 productos por que estaba repetido
	Fri Jul 02 23:47:32 CST 2021	CLIENTS: Se eliminaron: 1 clientes por que estaba repetido
	Fri Jul 02 23:47:32 CST 2021	INVOICES: Se eliminaron: 0 facturas por que estaba repetido
	Fri Jul 02 23:47:37 CST 2021	Inicio de sesión exitoso
	Sat Jul 03 00:09:43 CST 2021	USERS: Se eliminaron: 0 usuarios por que estaba repetido
	Sat Jul 03 00:09:43 CST 2021	PRODUCTS: Se eliminaron: 0 productos por que estaba repetido
	Sat Jul 03 00:09:43 CST 2021	CLIENTS: Se eliminaron: 0 clientes por que estaba repetido
	Sat Jul 03 00:09:43 CST 2021	INVOICES: Se eliminaron: 0 facturas por que estaba repetido
	Sat Jul 03 00:09:48 CST 2021	Inicio de sesión exitoso
	Mon Jul 05 22:49:41 CST 2021	USERS: Se eliminaron: 0 usuarios por que estaba repetido
	Mon Jul 05 22:49:41 CST 2021	PRODUCTS: Se eliminaron: 0 productos por que estaba repetido
	Mon Jul 05 22:49:41 CST 2021	CLIENTS: Se eliminaron: 0 clientes por que estaba repetido
	Mon Jul 05 22:49:41 CST 2021	INVOICES: Se eliminaron: 0 facturas por que estaba repetido
	Mon Jul 05 23:05:14 CST 2021	Inicio de sesión exitoso
	Mon Jul 05 23:09:53 CST 2021	USERS: Se eliminaron: 0 usuarios por que estaba repetido
	Mon Jul 05 23:09:53 CST 2021	PRODUCTS: Se eliminaron: 0 productos por que estaba repetido
	Mon Jul 05 23:09:53 CST 2021	CLIENTS: Se eliminaron: 0 clientes por que estaba repetido
	Mon Jul 05 23:09:53 CST 2021	INVOICES: Se eliminaron: 0 facturas por que estaba repetido
	Mon Jul 05 23:12:04 CST 2021	USERS: Se eliminaron: 0 usuarios por que estaba repetido
	Mon Jul 05 23:12:04 CST 2021	PRODUCTS: Se eliminaron: 0 productos por que estaba repetido
	Mon Jul 05 23:12:04 CST 2021	CLIENTS: Se eliminaron: 0 clientes por que estaba repetido
	Mon Jul 05 23:12:04 CST 2021	INVOICES: Se eliminaron: 0 facturas por que estaba repetido
	Mon Jul 05 23:16:19 CST 2021	USERS: Se eliminaron: 0 usuarios por que estaba repetido
	Mon Jul 05 23:16:19 CST 2021	PRODUCTS: Se eliminaron: 0 productos por que estaba repetido
	Mon Jul 05 23:16:19 CST 2021	CLIENTS: Se eliminaron: 0 clientes por que estaba repetido
	Mon Jul 05 23:16:19 CST 2021	INVOICES: Se eliminaron: 0 facturas por que estaba repetido
	Mon Jul 05 23:21:20 CST 2021	USERS: Se eliminaron: 0 usuarios por que estaba repetido
	Mon Jul 05 23:21:20 CST 2021	PRODUCTS: Se eliminaron: 0 productos por que estaba repetido
	Mon Jul 05 23:21:20 CST 2021	CLIENTS: Se eliminaron: 0 clientes por que estaba repetido
	Mon Jul 05 23:21:20 CST 2021	INVOICES: Se eliminaron: 0 facturas por que estaba repetido
	Mon Jul 05 23:21:43 CST 2021	USERS: Se eliminaron: 0 usuarios por que estaba repetido
	Mon Jul 05 23:21:43 CST 2021	PRODUCTS: Se eliminaron: 0 productos por que estaba repetido
	Mon Jul 05 23:21:43 CST 2021	CLIENTS: Se eliminaron: 0 clientes por que estaba repetido
	Mon Jul 05 23:21:43 CST 2021	INVOICES: Se eliminaron: 0 facturas por que estaba repetido
	Mon Jul 05 23:22:59 CST 2021	USERS: Se eliminaron: 0 usuarios por que estaba repetido
	Mon Jul 05 23:22:59 CST 2021	PRODUCTS: Se eliminaron: 0 productos por que estaba repetido
	Mon Jul 05 23:22:59 CST 2021	CLIENTS: Se eliminaron: 0 clientes por que estaba repetido
	Mon Jul 05 23:22:59 CST 2021	INVOICES: Se eliminaron: 0 facturas por que estaba repetido
	Mon Jul 05 23:23:18 CST 2021	USERS: Se eliminaron: 0 usuarios por que estaba repetido
	Mon Jul 05 23:23:18 CST 2021	PRODUCTS: Se eliminaron: 0 productos por que estaba repetido
	Mon Jul 05 23:23:18 CST 2021	CLIENTS: Se eliminaron: 0 clientes por que estaba repetido
	Mon Jul 05 23:23:18 CST 2021	INVOICES: Se eliminaron: 0 facturas por que estaba repetido
	Mon Jul 05 23:24:34 CST 2021	USERS: Se eliminaron: 0 usuarios por que estaba repetido
	Mon Jul 05 23:24:34 CST 2021	PRODUCTS: Se eliminaron: 0 productos por que estaba repetido
	Mon Jul 05 23:24:34 CST 2021	CLIENTS: Se eliminaron: 0 clientes por que estaba repetido
	Mon Jul 05 23:24:34 CST 2021	INVOICES: Se eliminaron: 0 facturas por que estaba repetido
	Mon Jul 05 23:24:55 CST 2021	USERS: Se eliminaron: 0 usuarios por que estaba repetido
	Mon Jul 05 23:24:55 CST 2021	PRODUCTS: Se eliminaron: 0 productos por que estaba repetido
	Mon Jul 05 23:24:55 CST 2021	CLIENTS: Se eliminaron: 0 clientes por que estaba repetido
	Mon Jul 05 23:24:55 CST 2021	INVOICES: Se eliminaron: 0 facturas por que estaba repetido
	Mon Jul 05 23:25:53 CST 2021	USERS: Se eliminaron: 0 usuarios por que estaba repetido
	Mon Jul 05 23:25:54 CST 2021	PRODUCTS: Se eliminaron: 0 productos por que estaba repetido
	Mon Jul 05 23:25:54 CST 2021	CLIENTS: Se eliminaron: 0 clientes por que estaba repetido
	Mon Jul 05 23:25:54 CST 2021	INVOICES: Se eliminaron: 0 facturas por que estaba repetido
	Mon Jul 05 23:29:09 CST 2021	USERS: Se eliminaron: 0 usuarios por que estaba repetido
	Mon Jul 05 23:29:09 CST 2021	PRODUCTS: Se eliminaron: 0 productos por que estaba repetido
	Mon Jul 05 23:29:09 CST 2021	CLIENTS: Se eliminaron: 0 clientes por que estaba repetido
	Mon Jul 05 23:29:09 CST 2021	INVOICES: Se eliminaron: 0 facturas por que estaba repetido
	Mon Jul 05 23:30:07 CST 2021	USERS: Se eliminaron: 0 usuarios por que estaba repetido
	Mon Jul 05 23:30:07 CST 2021	PRODUCTS: Se eliminaron: 0 productos por que estaba repetido
	Mon Jul 05 23:30:07 CST 2021	CLIENTS: Se eliminaron: 0 clientes por que estaba repetido
	Mon Jul 05 23:30:07 CST 2021	INVOICES: Se eliminaron: 0 facturas por que estaba repetido
	Mon Jul 05 23:33:50 CST 2021	USERS: Se eliminaron: 0 usuarios por que estaba repetido
	Mon Jul 05 23:33:50 CST 2021	PRODUCTS: Se eliminaron: 0 productos por que estaba repetido
	Mon Jul 05 23:33:51 CST 2021	CLIENTS: Se eliminaron: 0 clientes por que estaba repetido
	Mon Jul 05 23:33:51 CST 2021	INVOICES: Se eliminaron: 0 facturas por que estaba repetido
	Mon Jul 05 23:34:42 CST 2021	USERS: Se eliminaron: 0 usuarios por que estaba repetido
	Mon Jul 05 23:34:42 CST 2021	PRODUCTS: Se eliminaron: 0 productos por que estaba repetido
	Mon Jul 05 23:34:42 CST 2021	CLIENTS: Se eliminaron: 0 clientes por que estaba repetido
	Mon Jul 05 23:34:42 CST 2021	INVOICES: Se eliminaron: 0 facturas por que estaba repetido
	Mon Jul 05 23:36:33 CST 2021	USERS: Se eliminaron: 0 usuarios por que estaba repetido
	Mon Jul 05 23:36:33 CST 2021	PRODUCTS: Se eliminaron: 0 productos por que estaba repetido
	Mon Jul 05 23:36:33 CST 2021	CLIENTS: Se eliminaron: 0 clientes por que estaba repetido
	Mon Jul 05 23:36:33 CST 2021	INVOICES: Se eliminaron: 0 facturas por que estaba repetido
	Mon Jul 05 23:39:22 CST 2021	USERS: Se eliminaron: 0 usuarios por que estaba repetido
	Mon Jul 05 23:39:22 CST 2021	PRODUCTS: Se eliminaron: 0 productos por que estaba repetido
	Mon Jul 05 23:39:22 CST 2021	CLIENTS: Se eliminaron: 0 clientes por que estaba repetido
	Mon Jul 05 23:39:23 CST 2021	INVOICES: Se eliminaron: 0 facturas por que estaba repetido
	Mon Jul 05 23:39:54 CST 2021	USERS: Se eliminaron: 0 usuarios por que estaba repetido
	Mon Jul 05 23:39:54 CST 2021	PRODUCTS: Se eliminaron: 0 productos por que estaba repetido
	Mon Jul 05 23:39:54 CST 2021	CLIENTS: Se eliminaron: 0 clientes por que estaba repetido
	Mon Jul 05 23:39:54 CST 2021	INVOICES: Se eliminaron: 0 facturas por que estaba repetido
	Mon Jul 05 23:44:38 CST 2021	USERS: Se eliminaron: 0 usuarios por que estaba repetido
	Mon Jul 05 23:44:38 CST 2021	PRODUCTS: Se eliminaron: 0 productos por que estaba repetido
	Mon Jul 05 23:44:38 CST 2021	CLIENTS: Se eliminaron: 0 clientes por que estaba repetido
	Mon Jul 05 23:44:38 CST 2021	INVOICES: Se eliminaron: 0 facturas por que estaba repetido
	Mon Jul 05 23:45:10 CST 2021	USERS: Se eliminaron: 0 usuarios por que estaba repetido
	Mon Jul 05 23:45:10 CST 2021	PRODUCTS: Se eliminaron: 0 productos por que estaba repetido
	Mon Jul 05 23:45:10 CST 2021	CLIENTS: Se eliminaron: 0 clientes por que estaba repetido
	Mon Jul 05 23:45:10 CST 2021	INVOICES: Se eliminaron: 0 facturas por que estaba repetido
	Mon Jul 05 23:48:15 CST 2021	USERS: Se eliminaron: 0 usuarios por que estaba repetido
	Mon Jul 05 23:48:15 CST 2021	PRODUCTS: Se eliminaron: 0 productos por que estaba repetido
	Mon Jul 05 23:48:15 CST 2021	CLIENTS: Se eliminaron: 0 clientes por que estaba repetido
	Mon Jul 05 23:48:15 CST 2021	INVOICES: Se eliminaron: 0 facturas por que estaba repetido
	Mon Jul 05 23:51:18 CST 2021	USERS: Se eliminaron: 0 usuarios por que estaba repetido
	Mon Jul 05 23:51:18 CST 2021	PRODUCTS: Se eliminaron: 0 productos por que estaba repetido
	Mon Jul 05 23:51:18 CST 2021	CLIENTS: Se eliminaron: 0 clientes por que estaba repetido
	Mon Jul 05 23:51:18 CST 2021	INVOICES: Se eliminaron: 0 facturas por que estaba repetido
	Mon Jul 05 23:53:55 CST 2021	USERS: Se eliminaron: 0 usuarios por que estaba repetido
	Mon Jul 05 23:53:55 CST 2021	PRODUCTS: Se eliminaron: 0 productos por que estaba repetido
	Mon Jul 05 23:53:55 CST 2021	CLIENTS: Se eliminaron: 0 clientes por que estaba repetido
	Mon Jul 05 23:53:55 CST 2021	INVOICES: Se eliminaron: 0 facturas por que estaba repetido
	Mon Jul 05 23:54:02 CST 2021	Inicio de sesión exitoso
	Mon Jul 05 23:54:45 CST 2021	USERS: Se eliminaron: 0 usuarios por que estaba repetido
	Mon Jul 05 23:54:45 CST 2021	PRODUCTS: Se eliminaron: 0 productos por que estaba repetido
	Mon Jul 05 23:54:45 CST 2021	CLIENTS: Se eliminaron: 0 clientes por que estaba repetido
	Mon Jul 05 23:54:45 CST 2021	INVOICES: Se eliminaron: 0 facturas por que estaba repetido
	Mon Jul 05 23:57:33 CST 2021	USERS: Se eliminaron: 0 usuarios por que estaba repetido
	Mon Jul 05 23:57:33 CST 2021	PRODUCTS: Se eliminaron: 0 productos por que estaba repetido
	Mon Jul 05 23:57:33 CST 2021	CLIENTS: Se eliminaron: 0 clientes por que estaba repetido
	Mon Jul 05 23:57:33 CST 2021	INVOICES: Se eliminaron: 0 facturas por que estaba repetido
	Tue Jul 06 00:06:28 CST 2021	USERS: Se eliminaron: 0 usuarios por que estaba repetido
	Tue Jul 06 00:06:28 CST 2021	PRODUCTS: Se eliminaron: 0 productos por que estaba repetido
	Tue Jul 06 00:06:28 CST 2021	CLIENTS: Se eliminaron: 0 clientes por que estaba repetido
	Tue Jul 06 00:06:28 CST 2021	INVOICES: Se eliminaron: 0 facturas por que estaba repetido
	Tue Jul 06 00:08:42 CST 2021	USERS: Se eliminaron: 0 usuarios por que estaba repetido
	Tue Jul 06 00:08:42 CST 2021	PRODUCTS: Se eliminaron: 0 productos por que estaba repetido
	Tue Jul 06 00:08:42 CST 2021	CLIENTS: Se eliminaron: 0 clientes por que estaba repetido
	Tue Jul 06 00:08:42 CST 2021	INVOICES: Se eliminaron: 0 facturas por que estaba repetido
	Tue Jul 06 00:10:58 CST 2021	USERS: Se eliminaron: 0 usuarios por que estaba repetido
	Tue Jul 06 00:10:58 CST 2021	PRODUCTS: Se eliminaron: 0 productos por que estaba repetido
	Tue Jul 06 00:10:58 CST 2021	CLIENTS: Se eliminaron: 0 clientes por que estaba repetido
	Tue Jul 06 00:10:58 CST 2021	INVOICES: Se eliminaron: 0 facturas por que estaba repetido
	Tue Jul 06 00:16:02 CST 2021	USERS: Se eliminaron: 0 usuarios por que estaba repetido
	Tue Jul 06 00:16:02 CST 2021	PRODUCTS: Se eliminaron: 0 productos por que estaba repetido
	Tue Jul 06 00:16:02 CST 2021	CLIENTS: Se eliminaron: 0 clientes por que estaba repetido
	Tue Jul 06 00:16:02 CST 2021	INVOICES: Se eliminaron: 0 facturas por que estaba repetido
	Tue Jul 06 00:17:07 CST 2021	USERS: Se eliminaron: 0 usuarios por que estaba repetido
	Tue Jul 06 00:17:07 CST 2021	PRODUCTS: Se eliminaron: 0 productos por que estaba repetido
	Tue Jul 06 00:17:07 CST 2021	CLIENTS: Se eliminaron: 0 clientes por que estaba repetido
	Tue Jul 06 00:17:07 CST 2021	INVOICES: Se eliminaron: 0 facturas por que estaba repetido
	Tue Jul 06 00:18:17 CST 2021	USERS: Se eliminaron: 0 usuarios por que estaba repetido
	Tue Jul 06 00:18:17 CST 2021	PRODUCTS: Se eliminaron: 0 productos por que estaba repetido
	Tue Jul 06 00:18:17 CST 2021	CLIENTS: Se eliminaron: 0 clientes por que estaba repetido
	Tue Jul 06 00:18:17 CST 2021	INVOICES: Se eliminaron: 0 facturas por que estaba repetido
	Tue Jul 06 00:29:19 CST 2021	USERS: Se eliminaron: 0 usuarios por que estaba repetido
	Tue Jul 06 00:29:19 CST 2021	PRODUCTS: Se eliminaron: 0 productos por que estaba repetido
	Tue Jul 06 00:29:19 CST 2021	CLIENTS: Se eliminaron: 0 clientes por que estaba repetido
	Tue Jul 06 00:29:19 CST 2021	INVOICES: Se eliminaron: 0 facturas por que estaba repetido
	Tue Jul 06 00:37:36 CST 2021	USERS: Se eliminaron: 0 usuarios por que estaba repetido
	Tue Jul 06 00:37:36 CST 2021	PRODUCTS: Se eliminaron: 0 productos por que estaba repetido
	Tue Jul 06 00:37:36 CST 2021	CLIENTS: Se eliminaron: 0 clientes por que estaba repetido
	Tue Jul 06 00:37:36 CST 2021	INVOICES: Se eliminaron: 0 facturas por que estaba repetido
	Tue Jul 06 00:46:44 CST 2021	USERS: Se eliminaron: 0 usuarios por que estaba repetido
	Tue Jul 06 00:46:44 CST 2021	PRODUCTS: Se eliminaron: 0 productos por que estaba repetido
	Tue Jul 06 00:46:44 CST 2021	CLIENTS: Se eliminaron: 0 clientes por que estaba repetido
	Tue Jul 06 00:46:44 CST 2021	INVOICES: Se eliminaron: 0 facturas por que estaba repetido
	Tue Jul 06 00:49:35 CST 2021	USERS: Se eliminaron: 0 usuarios por que estaba repetido
	Tue Jul 06 00:49:35 CST 2021	PRODUCTS: Se eliminaron: 0 productos por que estaba repetido
	Tue Jul 06 00:49:35 CST 2021	CLIENTS: Se eliminaron: 0 clientes por que estaba repetido
	Tue Jul 06 00:49:35 CST 2021	INVOICES: Se eliminaron: 0 facturas por que estaba repetido
	Tue Jul 06 00:50:51 CST 2021	USERS: Se eliminaron: 0 usuarios por que estaba repetido
	Tue Jul 06 00:50:51 CST 2021	PRODUCTS: Se eliminaron: 0 productos por que estaba repetido
	Tue Jul 06 00:50:51 CST 2021	CLIENTS: Se eliminaron: 0 clientes por que estaba repetido
	Tue Jul 06 00:50:51 CST 2021	INVOICES: Se eliminaron: 0 facturas por que estaba repetido
	Tue Jul 06 01:08:56 CST 2021	USERS: Se eliminaron: 0 usuarios por que estaba repetido
	Tue Jul 06 01:08:56 CST 2021	PRODUCTS: Se eliminaron: 0 productos por que estaba repetido
	Tue Jul 06 01:08:56 CST 2021	CLIENTS: Se eliminaron: 0 clientes por que estaba repetido
	Tue Jul 06 01:08:56 CST 2021	INVOICES: Se eliminaron: 0 facturas por que estaba repetido
	Tue Jul 06 01:12:19 CST 2021	USERS: Se eliminaron: 0 usuarios por que estaba repetido
	Tue Jul 06 01:12:19 CST 2021	PRODUCTS: Se eliminaron: 0 productos por que estaba repetido
	Tue Jul 06 01:12:19 CST 2021	CLIENTS: Se eliminaron: 0 clientes por que estaba repetido
	Tue Jul 06 01:12:19 CST 2021	INVOICES: Se eliminaron: 0 facturas por que estaba repetido
	Tue Jul 06 01:13:16 CST 2021	USERS: Se eliminaron: 0 usuarios por que estaba repetido
	Tue Jul 06 01:13:16 CST 2021	PRODUCTS: Se eliminaron: 0 productos por que estaba repetido
	Tue Jul 06 01:13:16 CST 2021	CLIENTS: Se eliminaron: 0 clientes por que estaba repetido
	Tue Jul 06 01:13:16 CST 2021	INVOICES: Se eliminaron: 0 facturas por que estaba repetido
	Tue Jul 06 01:14:47 CST 2021	USERS: Se eliminaron: 0 usuarios por que estaba repetido
	Tue Jul 06 01:14:47 CST 2021	PRODUCTS: Se eliminaron: 0 productos por que estaba repetido
	Tue Jul 06 01:14:47 CST 2021	CLIENTS: Se eliminaron: 0 clientes por que estaba repetido
	Tue Jul 06 01:14:47 CST 2021	INVOICES: Se eliminaron: 0 facturas por que estaba repetido
	Tue Jul 06 01:17:21 CST 2021	USERS: Se eliminaron: 0 usuarios por que estaba repetido
	Tue Jul 06 01:17:21 CST 2021	PRODUCTS: Se eliminaron: 0 productos por que estaba repetido
	Tue Jul 06 01:17:21 CST 2021	CLIENTS: Se eliminaron: 0 clientes por que estaba repetido
	Tue Jul 06 01:17:21 CST 2021	INVOICES: Se eliminaron: 0 facturas por que estaba repetido
	Tue Jul 06 12:25:49 CST 2021	USERS: Se eliminaron: 0 usuarios por que estaba repetido
	Tue Jul 06 12:25:49 CST 2021	PRODUCTS: Se eliminaron: 0 productos por que estaba repetido
	Tue Jul 06 12:25:49 CST 2021	CLIENTS: Se eliminaron: 0 clientes por que estaba repetido
	Tue Jul 06 12:25:49 CST 2021	INVOICES: Se eliminaron: 0 facturas por que estaba repetido
	Tue Jul 06 12:33:52 CST 2021	USERS: Se eliminaron: 0 usuarios por que estaba repetido
	Tue Jul 06 12:33:52 CST 2021	PRODUCTS: Se eliminaron: 0 productos por que estaba repetido
	Tue Jul 06 12:33:52 CST 2021	CLIENTS: Se eliminaron: 0 clientes por que estaba repetido
	Tue Jul 06 12:33:52 CST 2021	INVOICES: Se eliminaron: 0 facturas por que estaba repetido
	Tue Jul 06 13:47:08 CST 2021	USERS: Se eliminaron: 0 usuarios por que estaba repetido
	Tue Jul 06 13:47:08 CST 2021	PRODUCTS: Se eliminaron: 0 productos por que estaba repetido
	Tue Jul 06 13:47:08 CST 2021	CLIENTS: Se eliminaron: 0 clientes por que estaba repetido
	Tue Jul 06 13:47:08 CST 2021	INVOICES: Se eliminaron: 0 facturas por que estaba repetido
	Tue Jul 06 13:50:38 CST 2021	USERS: Se eliminaron: 0 usuarios por que estaba repetido
	Tue Jul 06 13:50:38 CST 2021	PRODUCTS: Se eliminaron: 0 productos por que estaba repetido
	Tue Jul 06 13:50:38 CST 2021	CLIENTS: Se eliminaron: 0 clientes por que estaba repetido
	Tue Jul 06 13:50:38 CST 2021	INVOICES: Se eliminaron: 0 facturas por que estaba repetido
	Tue Jul 06 13:52:14 CST 2021	USERS: Se eliminaron: 0 usuarios por que estaba repetido
	Tue Jul 06 13:52:14 CST 2021	PRODUCTS: Se eliminaron: 0 productos por que estaba repetido
	Tue Jul 06 13:52:14 CST 2021	CLIENTS: Se eliminaron: 0 clientes por que estaba repetido
	Tue Jul 06 13:52:14 CST 2021	INVOICES: Se eliminaron: 0 facturas por que estaba repetido
	Tue Jul 06 13:53:40 CST 2021	USERS: Se eliminaron: 0 usuarios por que estaba repetido
	Tue Jul 06 13:53:40 CST 2021	PRODUCTS: Se eliminaron: 0 productos por que estaba repetido
	Tue Jul 06 13:53:40 CST 2021	CLIENTS: Se eliminaron: 0 clientes por que estaba repetido
	Tue Jul 06 13:53:40 CST 2021	INVOICES: Se eliminaron: 0 facturas por que estaba repetido
	Tue Jul 06 13:58:03 CST 2021	USERS: Se eliminaron: 0 usuarios por que estaba repetido
	Tue Jul 06 13:58:03 CST 2021	PRODUCTS: Se eliminaron: 0 productos por que estaba repetido
	Tue Jul 06 13:58:03 CST 2021	CLIENTS: Se eliminaron: 0 clientes por que estaba repetido
	Tue Jul 06 13:58:03 CST 2021	INVOICES: Se eliminaron: 0 facturas por que estaba repetido
	Tue Jul 06 14:01:21 CST 2021	USERS: Se eliminaron: 0 usuarios por que estaba repetido
	Tue Jul 06 14:01:21 CST 2021	PRODUCTS: Se eliminaron: 0 productos por que estaba repetido
	Tue Jul 06 14:01:21 CST 2021	CLIENTS: Se eliminaron: 0 clientes por que estaba repetido
	Tue Jul 06 14:01:21 CST 2021	INVOICES: Se eliminaron: 0 facturas por que estaba repetido
	Tue Jul 06 14:04:56 CST 2021	USERS: Se eliminaron: 0 usuarios por que estaba repetido
	Tue Jul 06 14:04:56 CST 2021	PRODUCTS: Se eliminaron: 0 productos por que estaba repetido
	Tue Jul 06 14:04:56 CST 2021	CLIENTS: Se eliminaron: 0 clientes por que estaba repetido
	Tue Jul 06 14:04:56 CST 2021	INVOICES: Se eliminaron: 0 facturas por que estaba repetido
	Tue Jul 06 14:06:06 CST 2021	USERS: Se eliminaron: 0 usuarios por que estaba repetido
	Tue Jul 06 14:06:06 CST 2021	PRODUCTS: Se eliminaron: 0 productos por que estaba repetido
	Tue Jul 06 14:06:06 CST 2021	CLIENTS: Se eliminaron: 0 clientes por que estaba repetido
	Tue Jul 06 14:06:06 CST 2021	INVOICES: Se eliminaron: 0 facturas por que estaba repetido
	Tue Jul 06 16:59:20 CST 2021	USERS: Se eliminaron: 0 usuarios por que estaba repetido
	Tue Jul 06 16:59:20 CST 2021	PRODUCTS: Se eliminaron: 0 productos por que estaba repetido
	Tue Jul 06 16:59:20 CST 2021	CLIENTS: Se eliminaron: 0 clientes por que estaba repetido
	Tue Jul 06 16:59:20 CST 2021	INVOICES: Se eliminaron: 0 facturas por que estaba repetido
	Tue Jul 06 17:05:40 CST 2021	USERS: Se eliminaron: 0 usuarios por que estaba repetido
	Tue Jul 06 17:05:40 CST 2021	PRODUCTS: Se eliminaron: 0 productos por que estaba repetido
	Tue Jul 06 17:05:40 CST 2021	CLIENTS: Se eliminaron: 0 clientes por que estaba repetido
	Tue Jul 06 17:05:40 CST 2021	INVOICES: Se eliminaron: 0 facturas por que estaba repetido
	Tue Jul 06 18:13:52 CST 2021	USERS: Se eliminaron: 0 usuarios por que estaba repetido
	Tue Jul 06 18:13:52 CST 2021	PRODUCTS: Se eliminaron: 0 productos por que estaba repetido
	Tue Jul 06 18:13:52 CST 2021	CLIENTS: Se eliminaron: 0 clientes por que estaba repetido
	Tue Jul 06 18:13:52 CST 2021	INVOICES: Se eliminaron: 0 facturas por que estaba repetido
	Tue Jul 06 18:16:06 CST 2021	USERS: Se eliminaron: 0 usuarios por que estaba repetido
	Tue Jul 06 18:16:06 CST 2021	PRODUCTS: Se eliminaron: 0 productos por que estaba repetido
	Tue Jul 06 18:16:06 CST 2021	CLIENTS: Se eliminaron: 0 clientes por que estaba repetido
	Tue Jul 06 18:16:06 CST 2021	INVOICES: Se eliminaron: 0 facturas por que estaba repetido
	Tue Jul 06 18:20:10 CST 2021	USERS: Se eliminaron: 0 usuarios por que estaba repetido
	Tue Jul 06 18:20:10 CST 2021	PRODUCTS: Se eliminaron: 0 productos por que estaba repetido
	Tue Jul 06 18:20:10 CST 2021	CLIENTS: Se eliminaron: 0 clientes por que estaba repetido
	Tue Jul 06 18:20:10 CST 2021	INVOICES: Se eliminaron: 0 facturas por que estaba repetido
	Tue Jul 06 19:41:01 CST 2021	USERS: Se eliminaron: 0 usuarios por que estaba repetido
	Tue Jul 06 19:41:01 CST 2021	PRODUCTS: Se eliminaron: 0 productos por que estaba repetido
	Tue Jul 06 19:41:01 CST 2021	CLIENTS: Se eliminaron: 0 clientes por que estaba repetido
	Tue Jul 06 19:41:01 CST 2021	INVOICES: Se eliminaron: 0 facturas por que estaba repetido
	Tue Jul 06 19:50:39 CST 2021	USERS: Se eliminaron: 0 usuarios por que estaba repetido
	Tue Jul 06 19:50:39 CST 2021	PRODUCTS: Se eliminaron: 0 productos por que estaba repetido
	Tue Jul 06 19:50:39 CST 2021	CLIENTS: Se eliminaron: 0 clientes por que estaba repetido
	Tue Jul 06 19:50:39 CST 2021	INVOICES: Se eliminaron: 0 facturas por que estaba repetido
	Tue Jul 06 19:52:01 CST 2021	USERS: Se eliminaron: 0 usuarios por que estaba repetido
	Tue Jul 06 19:52:01 CST 2021	PRODUCTS: Se eliminaron: 0 productos por que estaba repetido
	Tue Jul 06 19:52:01 CST 2021	CLIENTS: Se eliminaron: 0 clientes por que estaba repetido
	Tue Jul 06 19:52:01 CST 2021	INVOICES: Se eliminaron: 0 facturas por que estaba repetido
	Tue Jul 06 19:53:22 CST 2021	USERS: Se eliminaron: 0 usuarios por que estaba repetido
	Tue Jul 06 19:53:22 CST 2021	PRODUCTS: Se eliminaron: 0 productos por que estaba repetido
	Tue Jul 06 19:53:22 CST 2021	CLIENTS: Se eliminaron: 0 clientes por que estaba repetido
	Tue Jul 06 19:53:22 CST 2021	INVOICES: Se eliminaron: 0 facturas por que estaba repetido
	Tue Jul 06 19:55:04 CST 2021	USERS: Se eliminaron: 0 usuarios por que estaba repetido
	Tue Jul 06 19:55:04 CST 2021	PRODUCTS: Se eliminaron: 0 productos por que estaba repetido
	Tue Jul 06 19:55:04 CST 2021	CLIENTS: Se eliminaron: 0 clientes por que estaba repetido
	Tue Jul 06 19:55:04 CST 2021	INVOICES: Se eliminaron: 0 facturas por que estaba repetido
	Tue Jul 06 20:50:13 CST 2021	USERS: Se eliminaron: 0 usuarios por que estaba repetido
	Tue Jul 06 20:50:14 CST 2021	PRODUCTS: Se eliminaron: 0 productos por que estaba repetido
	Tue Jul 06 20:50:14 CST 2021	CLIENTS: Se eliminaron: 0 clientes por que estaba repetido
	Tue Jul 06 20:50:14 CST 2021	INVOICES: Se eliminaron: 0 facturas por que estaba repetido
	Tue Jul 06 20:50:33 CST 2021	Inicio de sesión exitoso
	Tue Jul 06 20:53:00 CST 2021	USERS: Se eliminaron: 0 usuarios por que estaba repetido
	Tue Jul 06 20:53:00 CST 2021	PRODUCTS: Se eliminaron: 0 productos por que estaba repetido
	Tue Jul 06 20:53:00 CST 2021	CLIENTS: Se eliminaron: 0 clientes por que estaba repetido
	Tue Jul 06 20:53:00 CST 2021	INVOICES: Se eliminaron: 0 facturas por que estaba repetido
	Tue Jul 06 20:53:06 CST 2021	Inicio de sesión exitoso
	Tue Jul 06 20:53:32 CST 2021	USERS: Se eliminaron: 0 usuarios por que estaba repetido
	Tue Jul 06 20:53:32 CST 2021	PRODUCTS: Se eliminaron: 0 productos por que estaba repetido
	Tue Jul 06 20:53:32 CST 2021	CLIENTS: Se eliminaron: 0 clientes por que estaba repetido
	Tue Jul 06 20:53:32 CST 2021	INVOICES: Se eliminaron: 0 facturas por que estaba repetido
	Tue Jul 06 20:53:37 CST 2021	Inicio de sesión exitoso
	Tue Jul 06 20:53:42 CST 2021	Inicio de sesión exitoso
	Tue Jul 06 21:16:58 CST 2021	USERS: Se eliminaron: 0 usuarios por que estaba repetido
	Tue Jul 06 21:16:58 CST 2021	PRODUCTS: Se eliminaron: 0 productos por que estaba repetido
	Tue Jul 06 21:16:58 CST 2021	CLIENTS: Se eliminaron: 0 clientes por que estaba repetido
	Tue Jul 06 21:16:58 CST 2021	INVOICES: Se eliminaron: 0 facturas por que estaba repetido
	Tue Jul 06 21:17:44 CST 2021	USERS: Se eliminaron: 0 usuarios por que estaba repetido
	Tue Jul 06 21:17:44 CST 2021	PRODUCTS: Se eliminaron: 0 productos por que estaba repetido
	Tue Jul 06 21:17:44 CST 2021	CLIENTS: Se eliminaron: 0 clientes por que estaba repetido
	Tue Jul 06 21:17:44 CST 2021	INVOICES: Se eliminaron: 0 facturas por que estaba repetido
	Tue Jul 06 21:17:49 CST 2021	Inicio de sesión exitoso
