	Fri Jul 02 22:54:04 CST 2021	USERS: Se eliminaron: 2 usuarios por que estaba repetido
	Fri Jul 02 22:54:04 CST 2021	PRODUCTS: Se eliminaron: 0 productos por que estaba repetido
	Fri Jul 02 22:54:04 CST 2021	CLIENTS: Se eliminaron: 1 clientes por que estaba repetido
	Fri Jul 02 22:54:04 CST 2021	INVOICES: Se eliminaron: 0 facturas por que estaba repetido
	Fri Jul 02 22:54:09 CST 2021	Inicio de sesión exitoso
	Fri Jul 02 22:59:22 CST 2021	USERS: Se eliminaron: 2 usuarios por que estaba repetido
	Fri Jul 02 22:59:22 CST 2021	PRODUCTS: Se eliminaron: 0 productos por que estaba repetido
	Fri Jul 02 22:59:22 CST 2021	CLIENTS: Se eliminaron: 1 clientes por que estaba repetido
	Fri Jul 02 22:59:22 CST 2021	INVOICES: Se eliminaron: 0 facturas por que estaba repetido
	Fri Jul 02 22:59:28 CST 2021	Inicio de sesión exitoso
	Fri Jul 02 23:09:24 CST 2021	USERS: Se eliminaron: 2 usuarios por que estaba repetido
	Fri Jul 02 23:09:24 CST 2021	PRODUCTS: Se eliminaron: 0 productos por que estaba repetido
	Fri Jul 02 23:09:24 CST 2021	CLIENTS: Se eliminaron: 1 clientes por que estaba repetido
	Fri Jul 02 23:09:24 CST 2021	INVOICES: Se eliminaron: 0 facturas por que estaba repetido
	Fri Jul 02 23:09:29 CST 2021	Inicio de sesión exitoso
	Fri Jul 02 23:11:23 CST 2021	USERS: Se eliminaron: 2 usuarios por que estaba repetido
	Fri Jul 02 23:11:23 CST 2021	PRODUCTS: Se eliminaron: 0 productos por que estaba repetido
	Fri Jul 02 23:11:23 CST 2021	CLIENTS: Se eliminaron: 1 clientes por que estaba repetido
	Fri Jul 02 23:11:23 CST 2021	INVOICES: Se eliminaron: 0 facturas por que estaba repetido
	Fri Jul 02 23:11:28 CST 2021	Inicio de sesión exitoso
	Fri Jul 02 23:13:54 CST 2021	USERS: Se eliminaron: 2 usuarios por que estaba repetido
	Fri Jul 02 23:13:54 CST 2021	PRODUCTS: Se eliminaron: 0 productos por que estaba repetido
	Fri Jul 02 23:13:54 CST 2021	CLIENTS: Se eliminaron: 1 clientes por que estaba repetido
	Fri Jul 02 23:13:54 CST 2021	INVOICES: Se eliminaron: 0 facturas por que estaba repetido
	Fri Jul 02 23:13:59 CST 2021	Inicio de sesión exitoso
	Fri Jul 02 23:24:05 CST 2021	USERS: Se eliminaron: 2 usuarios por que estaba repetido
	Fri Jul 02 23:24:05 CST 2021	PRODUCTS: Se eliminaron: 0 productos por que estaba repetido
	Fri Jul 02 23:24:05 CST 2021	CLIENTS: Se eliminaron: 1 clientes por que estaba repetido
	Fri Jul 02 23:24:05 CST 2021	INVOICES: Se eliminaron: 0 facturas por que estaba repetido
	Fri Jul 02 23:24:10 CST 2021	Inicio de sesión exitoso
	Fri Jul 02 23:26:45 CST 2021	USERS: Se eliminaron: 2 usuarios por que estaba repetido
	Fri Jul 02 23:26:45 CST 2021	PRODUCTS: Se eliminaron: 0 productos por que estaba repetido
	Fri Jul 02 23:26:45 CST 2021	CLIENTS: Se eliminaron: 1 clientes por que estaba repetido
	Fri Jul 02 23:26:45 CST 2021	INVOICES: Se eliminaron: 0 facturas por que estaba repetido
	Fri Jul 02 23:26:50 CST 2021	Inicio de sesión exitoso
	Fri Jul 02 23:44:54 CST 2021	USERS: Se eliminaron: 2 usuarios por que estaba repetido
	Fri Jul 02 23:44:54 CST 2021	PRODUCTS: Se eliminaron: 0 productos por que estaba repetido
	Fri Jul 02 23:44:54 CST 2021	CLIENTS: Se eliminaron: 1 clientes por que estaba repetido
	Fri Jul 02 23:44:54 CST 2021	INVOICES: Se eliminaron: 0 facturas por que estaba repetido
	Fri Jul 02 23:44:59 CST 2021	Inicio de sesión exitoso
	Fri Jul 02 23:46:45 CST 2021	USERS: Se eliminaron: 2 usuarios por que estaba repetido
	Fri Jul 02 23:46:46 CST 2021	PRODUCTS: Se eliminaron: 0 productos por que estaba repetido
	Fri Jul 02 23:46:46 CST 2021	CLIENTS: Se eliminaron: 1 clientes por que estaba repetido
	Fri Jul 02 23:46:46 CST 2021	INVOICES: Se eliminaron: 0 facturas por que estaba repetido
	Fri Jul 02 23:46:50 CST 2021	Inicio de sesión exitoso
	Fri Jul 02 23:47:32 CST 2021	USERS: Se eliminaron: 2 usuarios por que estaba repetido
	Fri Jul 02 23:47:32 CST 2021	PRODUCTS: Se eliminaron: 0 productos por que estaba repetido
	Fri Jul 02 23:47:32 CST 2021	CLIENTS: Se eliminaron: 1 clientes por que estaba repetido
	Fri Jul 02 23:47:32 CST 2021	INVOICES: Se eliminaron: 0 facturas por que estaba repetido
	Fri Jul 02 23:47:37 CST 2021	Inicio de sesión exitoso
	Sat Jul 03 00:09:43 CST 2021	USERS: Se eliminaron: 0 usuarios por que estaba repetido
	Sat Jul 03 00:09:43 CST 2021	PRODUCTS: Se eliminaron: 0 productos por que estaba repetido
	Sat Jul 03 00:09:43 CST 2021	CLIENTS: Se eliminaron: 0 clientes por que estaba repetido
	Sat Jul 03 00:09:43 CST 2021	INVOICES: Se eliminaron: 0 facturas por que estaba repetido
	Sat Jul 03 00:09:48 CST 2021	Inicio de sesión exitoso
